执行日期：2015-06-09-16：%M：%S
【接收到的notify通知】:
<xml><appid><![CDATA[wx941bf5e46cae7ec7]]></appid>
<bank_type><![CDATA[CFT]]></bank_type>
<cash_fee><![CDATA[1]]></cash_fee>
<fee_type><![CDATA[CNY]]></fee_type>
<is_subscribe><![CDATA[Y]]></is_subscribe>
<mch_id><![CDATA[10130558]]></mch_id>
<nonce_str><![CDATA[rcru1sudj7q9i3kgs60s82uvur77rzlm]]></nonce_str>
<openid><![CDATA[oQA70swWYeoRaAsebHMfR-YN8-eE]]></openid>
<out_trade_no><![CDATA[201506090442468]]></out_trade_no>
<result_code><![CDATA[SUCCESS]]></result_code>
<return_code><![CDATA[SUCCESS]]></return_code>
<sign><![CDATA[0048E0C95DD3FE26080A36135FC63CA0]]></sign>
<time_end><![CDATA[20150610003139]]></time_end>
<total_fee>1</total_fee>
<trade_type><![CDATA[NATIVE]]></trade_type>
<transaction_id><![CDATA[1006560126201506100229967865]]></transaction_id>
</xml>


执行日期：2015-06-09-16：%M：%S
【支付成功】:
<xml><appid><![CDATA[wx941bf5e46cae7ec7]]></appid>
<bank_type><![CDATA[CFT]]></bank_type>
<cash_fee><![CDATA[1]]></cash_fee>
<fee_type><![CDATA[CNY]]></fee_type>
<is_subscribe><![CDATA[Y]]></is_subscribe>
<mch_id><![CDATA[10130558]]></mch_id>
<nonce_str><![CDATA[rcru1sudj7q9i3kgs60s82uvur77rzlm]]></nonce_str>
<openid><![CDATA[oQA70swWYeoRaAsebHMfR-YN8-eE]]></openid>
<out_trade_no><![CDATA[201506090442468]]></out_trade_no>
<result_code><![CDATA[SUCCESS]]></result_code>
<return_code><![CDATA[SUCCESS]]></return_code>
<sign><![CDATA[0048E0C95DD3FE26080A36135FC63CA0]]></sign>
<time_end><![CDATA[20150610003139]]></time_end>
<total_fee>1</total_fee>
<trade_type><![CDATA[NATIVE]]></trade_type>
<transaction_id><![CDATA[1006560126201506100229967865]]></transaction_id>
</xml>


执行日期：2015-06-09-16：%M：%S
111111


执行日期：2015-06-09-16：%M：%S
2222


执行日期：2015-06-09-16：%M：%S
3333


执行日期：2015-06-09-16：%M：%S
【接收到的notify通知】:
<xml><appid><![CDATA[wx941bf5e46cae7ec7]]></appid>
<bank_type><![CDATA[CFT]]></bank_type>
<cash_fee><![CDATA[1]]></cash_fee>
<fee_type><![CDATA[CNY]]></fee_type>
<is_subscribe><![CDATA[Y]]></is_subscribe>
<mch_id><![CDATA[10130558]]></mch_id>
<nonce_str><![CDATA[rcru1sudj7q9i3kgs60s82uvur77rzlm]]></nonce_str>
<openid><![CDATA[oQA70swWYeoRaAsebHMfR-YN8-eE]]></openid>
<out_trade_no><![CDATA[201506090442468]]></out_trade_no>
<result_code><![CDATA[SUCCESS]]></result_code>
<return_code><![CDATA[SUCCESS]]></return_code>
<sign><![CDATA[0048E0C95DD3FE26080A36135FC63CA0]]></sign>
<time_end><![CDATA[20150610003139]]></time_end>
<total_fee>1</total_fee>
<trade_type><![CDATA[NATIVE]]></trade_type>
<transaction_id><![CDATA[1006560126201506100229967865]]></transaction_id>
</xml>


执行日期：2015-06-09-16：%M：%S
【支付成功】:
<xml><appid><![CDATA[wx941bf5e46cae7ec7]]></appid>
<bank_type><![CDATA[CFT]]></bank_type>
<cash_fee><![CDATA[1]]></cash_fee>
<fee_type><![CDATA[CNY]]></fee_type>
<is_subscribe><![CDATA[Y]]></is_subscribe>
<mch_id><![CDATA[10130558]]></mch_id>
<nonce_str><![CDATA[rcru1sudj7q9i3kgs60s82uvur77rzlm]]></nonce_str>
<openid><![CDATA[oQA70swWYeoRaAsebHMfR-YN8-eE]]></openid>
<out_trade_no><![CDATA[201506090442468]]></out_trade_no>
<result_code><![CDATA[SUCCESS]]></result_code>
<return_code><![CDATA[SUCCESS]]></return_code>
<sign><![CDATA[0048E0C95DD3FE26080A36135FC63CA0]]></sign>
<time_end><![CDATA[20150610003139]]></time_end>
<total_fee>1</total_fee>
<trade_type><![CDATA[NATIVE]]></trade_type>
<transaction_id><![CDATA[1006560126201506100229967865]]></transaction_id>
</xml>


执行日期：2015-06-09-16：%M：%S
111111


执行日期：2015-06-09-16：%M：%S
2222


执行日期：2015-06-09-16：%M：%S
3333


执行日期：2015-06-09-16：%M：%S
【接收到的notify通知】:
<xml><appid><![CDATA[wx941bf5e46cae7ec7]]></appid>
<bank_type><![CDATA[CFT]]></bank_type>
<cash_fee><![CDATA[1]]></cash_fee>
<fee_type><![CDATA[CNY]]></fee_type>
<is_subscribe><![CDATA[Y]]></is_subscribe>
<mch_id><![CDATA[10130558]]></mch_id>
<nonce_str><![CDATA[rcru1sudj7q9i3kgs60s82uvur77rzlm]]></nonce_str>
<openid><![CDATA[oQA70swWYeoRaAsebHMfR-YN8-eE]]></openid>
<out_trade_no><![CDATA[201506090442468]]></out_trade_no>
<result_code><![CDATA[SUCCESS]]></result_code>
<return_code><![CDATA[SUCCESS]]></return_code>
<sign><![CDATA[0048E0C95DD3FE26080A36135FC63CA0]]></sign>
<time_end><![CDATA[20150610003139]]></time_end>
<total_fee>1</total_fee>
<trade_type><![CDATA[NATIVE]]></trade_type>
<transaction_id><![CDATA[1006560126201506100229967865]]></transaction_id>
</xml>


执行日期：2015-06-09-16：%M：%S
【支付成功】:
<xml><appid><![CDATA[wx941bf5e46cae7ec7]]></appid>
<bank_type><![CDATA[CFT]]></bank_type>
<cash_fee><![CDATA[1]]></cash_fee>
<fee_type><![CDATA[CNY]]></fee_type>
<is_subscribe><![CDATA[Y]]></is_subscribe>
<mch_id><![CDATA[10130558]]></mch_id>
<nonce_str><![CDATA[rcru1sudj7q9i3kgs60s82uvur77rzlm]]></nonce_str>
<openid><![CDATA[oQA70swWYeoRaAsebHMfR-YN8-eE]]></openid>
<out_trade_no><![CDATA[201506090442468]]></out_trade_no>
<result_code><![CDATA[SUCCESS]]></result_code>
<return_code><![CDATA[SUCCESS]]></return_code>
<sign><![CDATA[0048E0C95DD3FE26080A36135FC63CA0]]></sign>
<time_end><![CDATA[20150610003139]]></time_end>
<total_fee>1</total_fee>
<trade_type><![CDATA[NATIVE]]></trade_type>
<transaction_id><![CDATA[1006560126201506100229967865]]></transaction_id>
</xml>


执行日期：2015-06-09-16：%M：%S
111111


执行日期：2015-06-09-16：%M：%S
2222


执行日期：2015-06-09-16：%M：%S
3333


执行日期：2015-06-09-16：%M：%S
【接收到的notify通知】:
<xml><appid><![CDATA[wx941bf5e46cae7ec7]]></appid>
<bank_type><![CDATA[CFT]]></bank_type>
<cash_fee><![CDATA[1]]></cash_fee>
<fee_type><![CDATA[CNY]]></fee_type>
<is_subscribe><![CDATA[Y]]></is_subscribe>
<mch_id><![CDATA[10130558]]></mch_id>
<nonce_str><![CDATA[rcru1sudj7q9i3kgs60s82uvur77rzlm]]></nonce_str>
<openid><![CDATA[oQA70swWYeoRaAsebHMfR-YN8-eE]]></openid>
<out_trade_no><![CDATA[201506090442468]]></out_trade_no>
<result_code><![CDATA[SUCCESS]]></result_code>
<return_code><![CDATA[SUCCESS]]></return_code>
<sign><![CDATA[0048E0C95DD3FE26080A36135FC63CA0]]></sign>
<time_end><![CDATA[20150610003139]]></time_end>
<total_fee>1</total_fee>
<trade_type><![CDATA[NATIVE]]></trade_type>
<transaction_id><![CDATA[1006560126201506100229967865]]></transaction_id>
</xml>


执行日期：2015-06-09-16：%M：%S
【支付成功】:
<xml><appid><![CDATA[wx941bf5e46cae7ec7]]></appid>
<bank_type><![CDATA[CFT]]></bank_type>
<cash_fee><![CDATA[1]]></cash_fee>
<fee_type><![CDATA[CNY]]></fee_type>
<is_subscribe><![CDATA[Y]]></is_subscribe>
<mch_id><![CDATA[10130558]]></mch_id>
<nonce_str><![CDATA[rcru1sudj7q9i3kgs60s82uvur77rzlm]]></nonce_str>
<openid><![CDATA[oQA70swWYeoRaAsebHMfR-YN8-eE]]></openid>
<out_trade_no><![CDATA[201506090442468]]></out_trade_no>
<result_code><![CDATA[SUCCESS]]></result_code>
<return_code><![CDATA[SUCCESS]]></return_code>
<sign><![CDATA[0048E0C95DD3FE26080A36135FC63CA0]]></sign>
<time_end><![CDATA[20150610003139]]></time_end>
<total_fee>1</total_fee>
<trade_type><![CDATA[NATIVE]]></trade_type>
<transaction_id><![CDATA[1006560126201506100229967865]]></transaction_id>
</xml>


执行日期：2015-06-09-16：%M：%S
111111


执行日期：2015-06-09-16：%M：%S
2222


执行日期：2015-06-09-16：%M：%S
3333


执行日期：2015-06-09-16：%M：%S
【接收到的notify通知】:
<xml><appid><![CDATA[wx941bf5e46cae7ec7]]></appid>
<bank_type><![CDATA[CFT]]></bank_type>
<cash_fee><![CDATA[1]]></cash_fee>
<fee_type><![CDATA[CNY]]></fee_type>
<is_subscribe><![CDATA[Y]]></is_subscribe>
<mch_id><![CDATA[10130558]]></mch_id>
<nonce_str><![CDATA[rcru1sudj7q9i3kgs60s82uvur77rzlm]]></nonce_str>
<openid><![CDATA[oQA70swWYeoRaAsebHMfR-YN8-eE]]></openid>
<out_trade_no><![CDATA[201506090442468]]></out_trade_no>
<result_code><![CDATA[SUCCESS]]></result_code>
<return_code><![CDATA[SUCCESS]]></return_code>
<sign><![CDATA[0048E0C95DD3FE26080A36135FC63CA0]]></sign>
<time_end><![CDATA[20150610003139]]></time_end>
<total_fee>1</total_fee>
<trade_type><![CDATA[NATIVE]]></trade_type>
<transaction_id><![CDATA[1006560126201506100229967865]]></transaction_id>
</xml>


执行日期：2015-06-09-16：%M：%S
【支付成功】:
<xml><appid><![CDATA[wx941bf5e46cae7ec7]]></appid>
<bank_type><![CDATA[CFT]]></bank_type>
<cash_fee><![CDATA[1]]></cash_fee>
<fee_type><![CDATA[CNY]]></fee_type>
<is_subscribe><![CDATA[Y]]></is_subscribe>
<mch_id><![CDATA[10130558]]></mch_id>
<nonce_str><![CDATA[rcru1sudj7q9i3kgs60s82uvur77rzlm]]></nonce_str>
<openid><![CDATA[oQA70swWYeoRaAsebHMfR-YN8-eE]]></openid>
<out_trade_no><![CDATA[201506090442468]]></out_trade_no>
<result_code><![CDATA[SUCCESS]]></result_code>
<return_code><![CDATA[SUCCESS]]></return_code>
<sign><![CDATA[0048E0C95DD3FE26080A36135FC63CA0]]></sign>
<time_end><![CDATA[20150610003139]]></time_end>
<total_fee>1</total_fee>
<trade_type><![CDATA[NATIVE]]></trade_type>
<transaction_id><![CDATA[1006560126201506100229967865]]></transaction_id>
</xml>


执行日期：2015-06-09-16：%M：%S
111111


执行日期：2015-06-09-16：%M：%S
2222


执行日期：2015-06-09-16：%M：%S
3333


执行日期：2015-06-09-17：%M：%S
【接收到的notify通知】:
<xml><appid><![CDATA[wx941bf5e46cae7ec7]]></appid>
<bank_type><![CDATA[CFT]]></bank_type>
<cash_fee><![CDATA[1]]></cash_fee>
<fee_type><![CDATA[CNY]]></fee_type>
<is_subscribe><![CDATA[Y]]></is_subscribe>
<mch_id><![CDATA[10130558]]></mch_id>
<nonce_str><![CDATA[rcru1sudj7q9i3kgs60s82uvur77rzlm]]></nonce_str>
<openid><![CDATA[oQA70swWYeoRaAsebHMfR-YN8-eE]]></openid>
<out_trade_no><![CDATA[201506090442468]]></out_trade_no>
<result_code><![CDATA[SUCCESS]]></result_code>
<return_code><![CDATA[SUCCESS]]></return_code>
<sign><![CDATA[0048E0C95DD3FE26080A36135FC63CA0]]></sign>
<time_end><![CDATA[20150610003139]]></time_end>
<total_fee>1</total_fee>
<trade_type><![CDATA[NATIVE]]></trade_type>
<transaction_id><![CDATA[1006560126201506100229967865]]></transaction_id>
</xml>


执行日期：2015-06-09-17：%M：%S
【支付成功】:
<xml><appid><![CDATA[wx941bf5e46cae7ec7]]></appid>
<bank_type><![CDATA[CFT]]></bank_type>
<cash_fee><![CDATA[1]]></cash_fee>
<fee_type><![CDATA[CNY]]></fee_type>
<is_subscribe><![CDATA[Y]]></is_subscribe>
<mch_id><![CDATA[10130558]]></mch_id>
<nonce_str><![CDATA[rcru1sudj7q9i3kgs60s82uvur77rzlm]]></nonce_str>
<openid><![CDATA[oQA70swWYeoRaAsebHMfR-YN8-eE]]></openid>
<out_trade_no><![CDATA[201506090442468]]></out_trade_no>
<result_code><![CDATA[SUCCESS]]></result_code>
<return_code><![CDATA[SUCCESS]]></return_code>
<sign><![CDATA[0048E0C95DD3FE26080A36135FC63CA0]]></sign>
<time_end><![CDATA[20150610003139]]></time_end>
<total_fee>1</total_fee>
<trade_type><![CDATA[NATIVE]]></trade_type>
<transaction_id><![CDATA[1006560126201506100229967865]]></transaction_id>
</xml>


执行日期：2015-06-09-17：%M：%S
111111


执行日期：2015-06-09-17：%M：%S
2222


执行日期：2015-06-09-17：%M：%S
3333


执行日期：2015-06-16-03：%M：%S
【接收到的notify通知】:
<xml><appid><![CDATA[wx941bf5e46cae7ec7]]></appid>
<bank_type><![CDATA[CFT]]></bank_type>
<cash_fee><![CDATA[1]]></cash_fee>
<fee_type><![CDATA[CNY]]></fee_type>
<is_subscribe><![CDATA[Y]]></is_subscribe>
<mch_id><![CDATA[10130558]]></mch_id>
<nonce_str><![CDATA[e67fxxgqqgu4xxzlvecrg3usmxiqvg22]]></nonce_str>
<openid><![CDATA[oQA70swWYeoRaAsebHMfR-YN8-eE]]></openid>
<out_trade_no><![CDATA[201506160350508]]></out_trade_no>
<result_code><![CDATA[SUCCESS]]></result_code>
<return_code><![CDATA[SUCCESS]]></return_code>
<sign><![CDATA[BEC14F4111A6691139BB71E1F7D4176C]]></sign>
<time_end><![CDATA[20150616115116]]></time_end>
<total_fee>1</total_fee>
<trade_type><![CDATA[NATIVE]]></trade_type>
<transaction_id><![CDATA[1006560126201506160256513385]]></transaction_id>
</xml>


执行日期：2015-06-16-03：%M：%S
【支付成功】:
<xml><appid><![CDATA[wx941bf5e46cae7ec7]]></appid>
<bank_type><![CDATA[CFT]]></bank_type>
<cash_fee><![CDATA[1]]></cash_fee>
<fee_type><![CDATA[CNY]]></fee_type>
<is_subscribe><![CDATA[Y]]></is_subscribe>
<mch_id><![CDATA[10130558]]></mch_id>
<nonce_str><![CDATA[e67fxxgqqgu4xxzlvecrg3usmxiqvg22]]></nonce_str>
<openid><![CDATA[oQA70swWYeoRaAsebHMfR-YN8-eE]]></openid>
<out_trade_no><![CDATA[201506160350508]]></out_trade_no>
<result_code><![CDATA[SUCCESS]]></result_code>
<return_code><![CDATA[SUCCESS]]></return_code>
<sign><![CDATA[BEC14F4111A6691139BB71E1F7D4176C]]></sign>
<time_end><![CDATA[20150616115116]]></time_end>
<total_fee>1</total_fee>
<trade_type><![CDATA[NATIVE]]></trade_type>
<transaction_id><![CDATA[1006560126201506160256513385]]></transaction_id>
</xml>


执行日期：2015-06-16-03：%M：%S
111111


执行日期：2015-06-16-03：%M：%S
2222


执行日期：2015-06-16-03：%M：%S
3333


